This is pdfTeX, Version 3.1415926-1.40.10 (Web2C 2009) (format=pdflatex 2009.12.9)  16 JAN 2011 08:38
entering extended mode
 Source specials enabled.
 %&-line parsing enabled.
**letter.tex
(./letter.tex
LaTeX2e <2009/09/24>
Babel <v3.8l> and hyphenation patterns for english, usenglishmax, dumylang, noh
yphenation, pinyin, loaded.
(e:/TeXLive/current/texmf-dist/tex/latex/base/article.cls
Document Class: article 2007/10/19 v1.4h Standard LaTeX document class
(e:/TeXLive/current/texmf-dist/tex/latex/base/size11.clo
File: size11.clo 2007/10/19 v1.4h Standard LaTeX file (size option)
)
\c@part=\count79
\c@section=\count80
\c@subsection=\count81
\c@subsubsection=\count82
\c@paragraph=\count83
\c@subparagraph=\count84
\c@figure=\count85
\c@table=\count86
\abovecaptionskip=\skip41
\belowcaptionskip=\skip42
\bibindent=\dimen102
)
(e:/TeXLive/current/texmf-dist/tex/latex/base/inputenc.sty
Package: inputenc 2008/03/30 v1.1d Input encoding file
\inpenc@prehook=\toks14
\inpenc@posthook=\toks15

(e:/TeXLive/current/texmf-dist/tex/latex/ucs/utf8x.def
File: utf8x.def 2004/10/17 UCS: Input encoding UTF-8
))
(e:/TeXLive/current/texmf-dist/tex/latex/ucs/ucs.sty
Package: ucs 2004/10/17 UCS: Unicode input support

(e:/TeXLive/current/texmf-dist/tex/latex/ucs/data/uni-global.def
File: uni-global.def 2004/10/17 UCS: Unicode global data
)
\uc@secondtry=\count87
\uc@combtoks=\toks16
\uc@combtoksb=\toks17
\uc@temptokena=\toks18
)
(e:/TeXLive/current/texmf-dist/tex/latex/base/fontenc.sty
Package: fontenc 2005/09/27 v1.99g Standard LaTeX package

(e:/TeXLive/current/texmf-dist/tex/latex/base/t1enc.def
File: t1enc.def 2005/09/27 v1.99g Standard LaTeX file
LaTeX Font Info:    Redeclaring font encoding T1 on input line 43.
))
(e:/TeXLive/current/texmf-dist/tex/latex/lm/lmodern.sty
Package: lmodern 2009/10/30 v1.6 Latin Modern Fonts
LaTeX Font Info:    Overwriting symbol font `operators' in version `normal'
(Font)                  OT1/cmr/m/n --> OT1/lmr/m/n on input line 22.
LaTeX Font Info:    Overwriting symbol font `letters' in version `normal'
(Font)                  OML/cmm/m/it --> OML/lmm/m/it on input line 23.
LaTeX Font Info:    Overwriting symbol font `symbols' in version `normal'
(Font)                  OMS/cmsy/m/n --> OMS/lmsy/m/n on input line 24.
LaTeX Font Info:    Overwriting symbol font `largesymbols' in version `normal'
(Font)                  OMX/cmex/m/n --> OMX/lmex/m/n on input line 25.
LaTeX Font Info:    Overwriting symbol font `operators' in version `bold'
(Font)                  OT1/cmr/bx/n --> OT1/lmr/bx/n on input line 26.
LaTeX Font Info:    Overwriting symbol font `letters' in version `bold'
(Font)                  OML/cmm/b/it --> OML/lmm/b/it on input line 27.
LaTeX Font Info:    Overwriting symbol font `symbols' in version `bold'
(Font)                  OMS/cmsy/b/n --> OMS/lmsy/b/n on input line 28.
LaTeX Font Info:    Overwriting symbol font `largesymbols' in version `bold'
(Font)                  OMX/cmex/m/n --> OMX/lmex/m/n on input line 29.
LaTeX Font Info:    Overwriting math alphabet `\mathbf' in version `normal'
(Font)                  OT1/cmr/bx/n --> OT1/lmr/bx/n on input line 31.
LaTeX Font Info:    Overwriting math alphabet `\mathsf' in version `normal'
(Font)                  OT1/cmss/m/n --> OT1/lmss/m/n on input line 32.
LaTeX Font Info:    Overwriting math alphabet `\mathit' in version `normal'
(Font)                  OT1/cmr/m/it --> OT1/lmr/m/it on input line 33.
LaTeX Font Info:    Overwriting math alphabet `\mathtt' in version `normal'
(Font)                  OT1/cmtt/m/n --> OT1/lmtt/m/n on input line 34.
LaTeX Font Info:    Overwriting math alphabet `\mathbf' in version `bold'
(Font)                  OT1/cmr/bx/n --> OT1/lmr/bx/n on input line 35.
LaTeX Font Info:    Overwriting math alphabet `\mathsf' in version `bold'
(Font)                  OT1/cmss/bx/n --> OT1/lmss/bx/n on input line 36.
LaTeX Font Info:    Overwriting math alphabet `\mathit' in version `bold'
(Font)                  OT1/cmr/bx/it --> OT1/lmr/bx/it on input line 37.
LaTeX Font Info:    Overwriting math alphabet `\mathtt' in version `bold'
(Font)                  OT1/cmtt/m/n --> OT1/lmtt/m/n on input line 38.
)
(e:/TeXLive/current/texmf-dist/tex/latex/marvosym/marvosym.sty
Package: marvosym 2006/05/11 v2.1 Martin Vogel's Symbols font definitions
)
(e:/TeXLive/current/texmf-dist/tex/generic/oberdiek/ifpdf.sty
Package: ifpdf 2009/04/10 v2.0 Provides the ifpdf switch (HO)
Package ifpdf Info: pdfTeX in pdf mode detected.
)
(e:/TeXLive/current/texmf-dist/tex/latex/graphics/graphicx.sty
Package: graphicx 1999/02/16 v1.0f Enhanced LaTeX Graphics (DPC,SPQR)

(e:/TeXLive/current/texmf-dist/tex/latex/graphics/keyval.sty
Package: keyval 1999/03/16 v1.13 key=value parser (DPC)
\KV@toks@=\toks19
)
(e:/TeXLive/current/texmf-dist/tex/latex/graphics/graphics.sty
Package: graphics 2009/02/05 v1.0o Standard LaTeX Graphics (DPC,SPQR)

(e:/TeXLive/current/texmf-dist/tex/latex/graphics/trig.sty
Package: trig 1999/03/16 v1.09 sin cos tan (DPC)
)
(e:/TeXLive/current/texmf-dist/tex/latex/latexconfig/graphics.cfg
File: graphics.cfg 2009/08/28 v1.8 graphics configuration of TeX Live
)
Package graphics Info: Driver file: pdftex.def on input line 91.

(e:/TeXLive/current/texmf-dist/tex/latex/pdftex-def/pdftex.def
File: pdftex.def 2009/08/25 v0.04m Graphics/color for pdfTeX
\Gread@gobject=\count88
))
\Gin@req@height=\dimen103
\Gin@req@width=\dimen104
)
(e:/TeXLive/current/texmf-dist/tex/latex/geometry/geometry.sty
Package: geometry 2008/12/21 v4.2 Page Geometry

(e:/TeXLive/current/texmf-dist/tex/generic/oberdiek/ifvtex.sty
Package: ifvtex 2008/11/04 v1.4 Switches for detecting VTeX and its modes (HO)
Package ifvtex Info: VTeX not detected.
)
\Gm@cnth=\count89
\Gm@cntv=\count90
\c@Gm@tempcnt=\count91
\Gm@bindingoffset=\dimen105
\Gm@wd@mp=\dimen106
\Gm@odd@mp=\dimen107
\Gm@even@mp=\dimen108
\Gm@dimlist=\toks20

(e:/TeXLive/current/texmf-dist/tex/xelatex/xetexconfig/geometry.cfg))
(e:/TeXLive/current/texmf-dist/tex/latex/ltxmisc/url.sty
\Urlmuskip=\muskip10
Package: url 2006/04/12  ver 3.3  Verb mode for urls, etc.
)
(e:/TeXLive/current/texmf-dist/tex/latex/hyperref/hyperref.sty
Package: hyperref 2009/11/27 v6.79k Hypertext links for LaTeX

(e:/TeXLive/current/texmf-dist/tex/generic/ifxetex/ifxetex.sty
Package: ifxetex 2009/01/23 v0.5 Provides ifxetex conditional
)
(e:/TeXLive/current/texmf-dist/tex/latex/oberdiek/hycolor.sty
Package: hycolor 2009/10/02 v1.5 Code for color options of hyperref/bookmark (H
O)

(e:/TeXLive/current/texmf-dist/tex/latex/oberdiek/xcolor-patch.sty
Package: xcolor-patch 2009/10/02 xcolor patch
))
\@linkdim=\dimen109
\Hy@linkcounter=\count92
\Hy@pagecounter=\count93

(e:/TeXLive/current/texmf-dist/tex/latex/hyperref/pd1enc.def
File: pd1enc.def 2009/11/27 v6.79k Hyperref: PDFDocEncoding definition (HO)
)
(e:/TeXLive/current/texmf-dist/tex/generic/oberdiek/etexcmds.sty
Package: etexcmds 2007/12/12 v1.2 Prefix for e-TeX command names (HO)

(e:/TeXLive/current/texmf-dist/tex/generic/oberdiek/infwarerr.sty
Package: infwarerr 2007/09/09 v1.2 Providing info/warning/message (HO)
)
Package etexcmds Info: Could not find \expanded.
(etexcmds)             That can mean that you are not using pdfTeX 1.50 or
(etexcmds)             that some package has redefined \expanded.
(etexcmds)             In the latter case, load this package earlier.
)
(e:/TeXLive/current/texmf-dist/tex/latex/latexconfig/hyperref.cfg
File: hyperref.cfg 2002/06/06 v1.2 hyperref configuration of TeXLive
)
(e:/TeXLive/current/texmf-dist/tex/latex/oberdiek/kvoptions.sty
Package: kvoptions 2009/08/13 v3.4 Keyval support for LaTeX options (HO)

(e:/TeXLive/current/texmf-dist/tex/generic/oberdiek/kvsetkeys.sty
Package: kvsetkeys 2009/07/30 v1.5 Key value parser with default handler suppor
t (HO)
))
Package hyperref Info: Option `breaklinks' set `true' on input line 2911.


Package hyperref Warning: Values of option `pdfpagemode':
(hyperref)                * `UseNone'
(hyperref)                * `UseOutlines'
(hyperref)                * `UseThumbs'
(hyperref)                * `FullScreen'
(hyperref)                * `UseOC' (PDF 1.5)
(hyperref)                * `UseAttachments' (PDF 1.6)
(hyperref)                * An empty value disables the option.
(hyperref)                Unknown value `None' on input line 2911.

Package hyperref Info: Hyper figures OFF on input line 3022.
Package hyperref Info: Link nesting OFF on input line 3027.
Package hyperref Info: Hyper index ON on input line 3030.
Package hyperref Info: Plain pages OFF on input line 3037.
Package hyperref Info: Backreferencing OFF on input line 3042.
Implicit mode ON; LaTeX internals redefined
Package hyperref Info: Bookmarks ON on input line 3238.
LaTeX Info: Redefining \url on input line 3475.
(e:/TeXLive/current/texmf-dist/tex/generic/oberdiek/bitset.sty
Package: bitset 2007/09/28 v1.0 Data type bit set (HO)

(e:/TeXLive/current/texmf-dist/tex/generic/oberdiek/intcalc.sty
Package: intcalc 2007/09/27 v1.1 Expandable integer calculations (HO)
)
(e:/TeXLive/current/texmf-dist/tex/generic/oberdiek/bigintcalc.sty
Package: bigintcalc 2007/11/11 v1.1 Expandable big integer calculations (HO)

(e:/TeXLive/current/texmf-dist/tex/generic/oberdiek/pdftexcmds.sty
Package: pdftexcmds 2009/09/23 v0.6 LuaTeX support for pdfTeX utility functions
 (HO)

(e:/TeXLive/current/texmf-dist/tex/generic/oberdiek/ifluatex.sty
Package: ifluatex 2009/04/17 v1.2 Provides the ifluatex switch (HO)
Package ifluatex Info: LuaTeX not detected.
)
(e:/TeXLive/current/texmf-dist/tex/generic/oberdiek/ltxcmds.sty
Package: ltxcmds 2009/08/05 v1.0 Some LaTeX kernel commands for general use (HO
)
)
Package pdftexcmds Info: LuaTeX not detected.
Package pdftexcmds Info: \pdf@primitive is available.
Package pdftexcmds Info: \pdf@ifprimitive is available.
)))
\Fld@menulength=\count94
\Field@Width=\dimen110
\Fld@charsize=\dimen111
\Field@toks=\toks21
Package hyperref Info: Hyper figures OFF on input line 4435.
Package hyperref Info: Link nesting OFF on input line 4440.
Package hyperref Info: Hyper index ON on input line 4443.
Package hyperref Info: backreferencing OFF on input line 4450.
Package hyperref Info: Link coloring OFF on input line 4455.
Package hyperref Info: Link coloring with OCG OFF on input line 4460.
Package hyperref Info: PDF/A mode OFF on input line 4465.

(e:/TeXLive/current/texmf-dist/tex/generic/oberdiek/atbegshi.sty
Package: atbegshi 2008/07/31 v1.9 At begin shipout hook (HO)
)
\Hy@abspage=\count95
\c@Item=\count96
\c@Hfootnote=\count97
)
*hyperref using driver hpdftex*
(e:/TeXLive/current/texmf-dist/tex/latex/hyperref/hpdftex.def
File: hpdftex.def 2009/11/27 v6.79k Hyperref driver for pdfTeX
\Fld@listcount=\count98
\c@bookmark@seq@number=\count99
\Hy@SectionHShift=\skip43
)
No file letter.aux.
\openout1 = `letter.aux'.

LaTeX Font Info:    Checking defaults for OML/cmm/m/it on input line 45.
LaTeX Font Info:    ... okay on input line 45.
LaTeX Font Info:    Checking defaults for T1/cmr/m/n on input line 45.
LaTeX Font Info:    ... okay on input line 45.
LaTeX Font Info:    Checking defaults for OT1/cmr/m/n on input line 45.
LaTeX Font Info:    ... okay on input line 45.
LaTeX Font Info:    Checking defaults for OMS/cmsy/m/n on input line 45.
LaTeX Font Info:    ... okay on input line 45.
LaTeX Font Info:    Checking defaults for OMX/cmex/m/n on input line 45.
LaTeX Font Info:    ... okay on input line 45.
LaTeX Font Info:    Checking defaults for U/cmr/m/n on input line 45.
LaTeX Font Info:    ... okay on input line 45.
LaTeX Font Info:    Checking defaults for PD1/pdf/m/n on input line 45.
LaTeX Font Info:    ... okay on input line 45.
LaTeX Font Info:    Try loading font information for T1+lmr on input line 45.
(e:/TeXLive/current/texmf-dist/tex/latex/lm/t1lmr.fd
File: t1lmr.fd 2009/10/30 v1.6 Font defs for Latin Modern
)
(e:/TeXLive/current/texmf-dist/tex/latex/ucs/ucsencs.def
File: ucsencs.def 2003/11/29 Fixes to fontencodings LGR, T3
)
(e:/TeXLive/current/texmf-dist/tex/context/base/supp-pdf.mkii
[Loading MPS to PDF converter (version 2006.09.02).]
\scratchcounter=\count100
\scratchdimen=\dimen112
\scratchbox=\box26
\nofMPsegments=\count101
\nofMParguments=\count102
\everyMPshowfont=\toks22
\MPscratchCnt=\count103
\MPscratchDim=\dimen113
\MPnumerator=\count104
\everyMPtoPDFconversion=\toks23
)
*geometry auto-detecting driver*
*geometry detected driver: pdftex*
-------------------- Geometry parameters
paper: class default
landscape: --
twocolumn: --
twoside: --
asymmetric: --
h-parts: 69.11006pt, 0.775\paperwidth , 69.11008pt
v-parts: 71.54922pt, 0.775\paperheight , 107.32388pt
hmarginratio: 1:1
vmarginratio: 2:3
lines: --
heightrounded: --
bindingoffset: 0.0pt
truedimen: --
includehead: --
includefoot: --
includemp: --
driver: pdftex
-------------------- Page layout dimensions and switches
\paperwidth  614.295pt
\paperheight 794.96999pt
\textwidth  476.07486pt
\textheight 616.09688pt
\oddsidemargin  -3.15993pt
\evensidemargin -3.15993pt
\topmargin  -37.72076pt
\headheight 12.0pt
\headsep    25.0pt
\footskip   30.0pt
\marginparwidth 59.0pt
\marginparsep   10.0pt
\columnsep  10.0pt
\skip\footins  10.0pt plus 4.0pt minus 2.0pt
\hoffset 0.0pt
\voffset 0.0pt
\mag 1000

(1in=72.27pt, 1cm=28.45pt)
-----------------------
Package hyperref Info: Link coloring OFF on input line 45.
(e:/TeXLive/current/texmf-dist/tex/latex/hyperref/nameref.sty
Package: nameref 2009/12/02 v2.33 Cross-referencing by name of section

(e:/TeXLive/current/texmf-dist/tex/latex/oberdiek/refcount.sty
Package: refcount 2008/08/11 v3.1 Data extraction from references (HO)
)
\c@section@level=\count105
)
LaTeX Info: Redefining \ref on input line 45.
LaTeX Info: Redefining \pageref on input line 45.
\@outlinefile=\write3
\openout3 = `letter.out'.

\AtBeginShipoutBox=\box27
LaTeX Font Info:    Try loading font information for T1+lmss on input line 46.

(e:/TeXLive/current/texmf-dist/tex/latex/lm/t1lmss.fd
File: t1lmss.fd 2009/10/30 v1.6 Font defs for Latin Modern
)
LaTeX Font Info:    Font shape `T1/lmss/m/it' in size <10> not available
(Font)              Font shape `T1/lmss/m/sl' tried instead on input line 52.
LaTeX Font Info:    Try loading font information for U+mvs on input line 55.

(e:/TeXLive/current/texmf-dist/tex/latex/marvosym/umvs.fd) [1

{e:/TeXLive/current/texmf-var/fonts/map/pdftex/updmap/pdftex.map}] (./letter.au
x

Package hyperref Warning: Rerun to get outlines right
(hyperref)                or use package `bookmark'.

) ) 
Here is how much of TeX's memory you used:
 5201 strings out of 495046
 76137 string characters out of 3181472
 157293 words of memory out of 3000000
 8318 multiletter control sequences out of 15000+200000
 22034 words of font info for 23 fonts, out of 3000000 for 9000
 28 hyphenation exceptions out of 8191
 38i,4n,30p,517b,293s stack positions out of 5000i,500n,10000p,200000b,50000s
{e:/TeXLive/current/texmf-dist/fonts/enc/dvips/lm/lm-ec.enc}<e:/TeXLive/curr
ent/texmf-dist/fonts/type1/public/lm/lmss10.pfb><e:/TeXLive/current/texmf-dist/
fonts/type1/public/lm/lmssbx10.pfb><e:/TeXLive/current/texmf-dist/fonts/type1/p
ublic/lm/lmsso10.pfb><e:/TeXLive/current/texmf-dist/fonts/type1/public/marvosym
/marvosym.pfb>
Output written on letter.pdf (1 page, 74147 bytes).
PDF statistics:
 29 PDF objects out of 1000 (max. 8388607)
 2 named destinations out of 1000 (max. 500000)
 1 words of extra memory for PDF output out of 10000 (max. 10000000)

